[INFO 18:56:26] root Saving to FileStorageObserver in /home/ubuntu/Egemen/pymarl2/results/sacred/uav_env/high_obs.
[WARNING 18:56:27] root Changed type of config entry "env_args.observability" from str to int
[WARNING 18:56:27] root Changed type of config entry "batch_size_run" from str to int
[WARNING 18:56:27] root Changed type of config entry "estimation" from str to bool
[DEBUG 18:56:27] pymarl Using capture mode "no"
[INFO 18:56:27] pymarl Running command 'my_main'
[INFO 18:56:27] pymarl Started run with ID "232"
[DEBUG 18:56:27] pymarl Starting Heartbeat
[DEBUG 18:56:27] my_main Started
[INFO 18:56:27] my_main Experiment Parameters:
[INFO 18:56:27] my_main 

{   'action_selector': 'epsilon_greedy',
    'agent': 'n_rnn',
    'agent_output_type': 'q',
    'batch_size': 128,
    'batch_size_run': 1,
    'buffer_cpu_only': True,
    'buffer_size': 5000,
    'checkpoint_path': '/home/ubuntu/Egemen/pymarl2/src/models',
    'critic_lr': 0.0005,
    'env': 'uav_env',
    'env_args': {   'grid_shape': [   50,
                                      50],
                    'map_name': 'uav_env',
                    'n_agents': 7,
                    'obs_last_action': False,
                    'observability': 12,
                    'observe_ids': False,
                    'observe_one_hot': False,
                    'read_map': True,
                    'seed': 678510536},
    'epsilon_anneal_time': 100000,
    'epsilon_finish': 0.05,
    'epsilon_start': 1.0,
    'estimation': True,
    'estimation_step_size': 5,
    'estimation_threshold': 40,
    'evaluate': True,
    'gain': 0.01,
    'gamma': 0.99,
    'grad_norm_clip': 10,
    'hypernet_embed': 64,
    'label': 'default_label',
    'learner': 'nq_learner',
    'learner_log_interval': 10000,
    'load_step': 0,
    'local_results_path': 'results',
    'log_interval': 10000,
    'lr': 0.001,
    'mac': 'bayesian_controller',
    'mixer': 'qmix',
    'mixing_embed_dim': 32,
    'model_name': 'full_obs_large',
    'name': 'high_obs',
    'obs_agent_id': False,
    'obs_last_action': True,
    'optim_alpha': 0.99,
    'optim_eps': 1e-05,
    'optimizer': 'adam',
    'per_alpha': 0.6,
    'per_beta': 0.4,
    'q_lambda': False,
    'repeat_id': 1,
    'return_priority': False,
    'rnn_hidden_dim': 64,
    'run': 'test_run',
    'runner': 'episode',
    'runner_log_interval': 10000,
    'save_model': True,
    'save_model_interval': 500000,
    'save_replay': False,
    'seed': 678510536,
    't_max': 6050000,
    'target_update_interval': 200,
    'td_lambda': 0.6,
    'test_greedy': True,
    'test_interval': 10000,
    'test_nepisode': 30,
    'use_cuda': True,
    'use_layer_norm': False,
    'use_orthogonal': False,
    'use_per': False,
    'use_tensorboard': False,
    'utility': 'expected'}

[INFO 18:56:34] my_main Loading model from /home/ubuntu/Egemen/pymarl2/src/models/full_obs_large/1000800
